<?xml version="1.0" encoding="UTF-8"?>
<testsuite name="AcquireProject.GameBoardTest" tests="5" skipped="0" failures="0" errors="0" timestamp="2021-11-13T21:08:45" hostname="DESKTOP-RUHVN4H" time="0.163">
  <properties/>
  <testcase name="board-specs" classname="AcquireProject.GameBoardTest" time="0.082"/>
  <testcase name="breadth-first-search-for-a-tiles-neighbors" classname="AcquireProject.GameBoardTest" time="0.064"/>
  <testcase name="search vars" classname="AcquireProject.GameBoardTest" time="0.001"/>
  <testcase name="find-mode-in-linear-tile-clump" classname="AcquireProject.GameBoardTest" time="0.013"/>
  <testcase name="find-mode-in-corner-tile-clump-with-two-chains-of-the-same-size" classname="AcquireProject.GameBoardTest" time="0.002"/>
  <system-out><![CDATA[]]></system-out>
  <system-err><![CDATA[]]></system-err>
</testsuite>
