<?xml version="1.0" encoding="UTF-8"?>
<testsuite name="AcquireProject.GameBoardTest" tests="6" skipped="0" failures="0" errors="0" timestamp="2021-12-06T00:28:45" hostname="DESKTOP-RUHVN4H" time="1.069">
  <properties/>
  <testcase name="board-specs" classname="AcquireProject.GameBoardTest" time="0.924"/>
  <testcase name="breadth-first-search-for-a-tiles-neighbors" classname="AcquireProject.GameBoardTest" time="0.109"/>
  <testcase name="search vars" classname="AcquireProject.GameBoardTest" time="0.001"/>
  <testcase name="find-mode-in-linear-tile-clump" classname="AcquireProject.GameBoardTest" time="0.023"/>
  <testcase name="find-mode-in-corner-tile-clump-with-two-chains-of-the-same-size" classname="AcquireProject.GameBoardTest" time="0.002"/>
  <testcase name="make-illegal-tile-move" classname="AcquireProject.GameBoardTest" time="0.006"/>
  <system-out><![CDATA[]]></system-out>
  <system-err><![CDATA[]]></system-err>
</testsuite>
