<?xml version="1.0" encoding="UTF-8"?>
<testsuite name="AcquireProject.LoaderSpecification" tests="1" skipped="0" failures="0" errors="0" timestamp="2021-11-13T21:08:45" hostname="DESKTOP-RUHVN4H" time="0.323">
  <properties/>
  <testcase name="save-game" classname="AcquireProject.LoaderSpecification" time="0.323"/>
  <system-out><![CDATA[]]></system-out>
  <system-err><![CDATA[]]></system-err>
</testsuite>
