<?xml version="1.0" encoding="UTF-8"?>
<testsuite name="AcquireProject.LoaderSpecification" tests="2" skipped="0" failures="0" errors="0" timestamp="2021-12-06T00:28:46" hostname="DESKTOP-RUHVN4H" time="0.202">
  <properties/>
  <testcase name="save-game" classname="AcquireProject.LoaderSpecification" time="0.17"/>
  <testcase name="load-game" classname="AcquireProject.LoaderSpecification" time="0.031"/>
  <system-out><![CDATA[]]></system-out>
  <system-err><![CDATA[]]></system-err>
</testsuite>
